2025-03-09 13:29:50.376703: Generating module: sunflower_connection_1graph.py
2025-03-09 13:29:50.376703: Writing boilerplate to top of file.
2025-03-09 18:15:16.367873: Generating module: sunflower_connection_1graph.py
2025-03-09 18:15:16.368871: Writing boilerplate to top of file.
2025-03-09 18:18:50.085754: Generating module: sunflower_connection_1graph.py
2025-03-09 18:18:50.086752: Writing boilerplate to top of file.
2025-03-09 18:18:57.073112: Generating module: sunflower_connection_1graph.py
2025-03-09 18:18:57.077113: Writing boilerplate to top of file.
2025-03-09 18:22:47.588995: Generating module: sunflower_connection_1graph.py
2025-03-09 18:22:47.592993: Writing boilerplate to top of file.
2025-03-09 18:22:56.673382: Generating module: sunflower_connection_1graph.py
2025-03-09 18:22:56.675381: Writing boilerplate to top of file.
2025-03-09 18:42:53.511622: Generating module: sunflower_connection_1graph.py
2025-03-09 18:42:53.513611: Writing boilerplate to top of file.
2025-03-09 18:42:55.655371: Appending imports to module
2025-03-09 18:42:55.685167: sunflower_connection_1graph.py successfully generated.
2025-03-09 19:11:08.983050: Generating module: sunflower_connection_bolt_localhost_7687graph.py
2025-03-09 19:11:08.983050: Writing boilerplate to top of file.
2025-03-09 19:11:11.020813: Appending imports to module
2025-03-09 19:11:11.036437: sunflower_connection_bolt_localhost_7687graph.py successfully generated.
2025-03-09 19:26:21.881891: Generating module: sunflower_connection_bolt_localhost_7687graph.py
2025-03-09 19:26:21.881891: Old module found; deleting.
2025-03-09 19:26:21.881891: Writing boilerplate to top of file.
2025-03-09 19:26:23.999601: Appending imports to module
2025-03-09 19:26:24.030847: sunflower_connection_bolt_localhost_7687graph.py successfully generated.
2025-03-09 19:35:22.745619: Generating module: sunflower_connection_bolt_localhost_7687graph.py
2025-03-09 19:35:22.746619: Old module found; deleting.
2025-03-09 19:35:22.749619: Writing boilerplate to top of file.
2025-03-09 19:35:24.833188: Appending imports to module
2025-03-09 19:35:24.848843: sunflower_connection_bolt_localhost_7687graph.py successfully generated.
2025-03-09 19:58:42.609914: Generating module: sunflower_connection_bolt_localhost_7687graph.py
2025-03-09 19:58:42.611927: Old module found; deleting.
2025-03-09 19:58:42.614874: Writing boilerplate to top of file.
2025-03-09 19:58:44.684165: Appending imports to module
2025-03-09 19:58:44.717269: sunflower_connection_bolt_localhost_7687graph.py successfully generated.
2025-03-09 20:12:51.873621: Generating module: sunflower_connection_bolt_localhost_7687graph.py
2025-03-09 20:12:51.876620: Old module found; deleting.
2025-03-09 20:12:51.880621: Writing boilerplate to top of file.
2025-03-09 20:12:53.954708: Appending imports to module
2025-03-09 20:12:53.996289: sunflower_connection_bolt_localhost_7687graph.py successfully generated.
2025-03-09 22:37:32.729681: Generating module: sunflower_connection_bolt_localhost_7687graph.py
2025-03-09 22:37:32.729681: Old module found; deleting.
2025-03-09 22:37:32.745306: Writing boilerplate to top of file.
2025-03-09 22:37:34.801054: Appending imports to module
2025-03-09 22:37:34.816686: sunflower_connection_bolt_localhost_7687graph.py successfully generated.
2025-03-09 23:08:56.909220: Generating module: sunflower_connection_bolt_localhost_7687graph.py
2025-03-09 23:08:56.909220: Old module found; deleting.
2025-03-09 23:08:56.909220: Writing boilerplate to top of file.
2025-03-09 23:08:58.975636: Appending imports to module
2025-03-09 23:08:59.006892: sunflower_connection_bolt_localhost_7687graph.py successfully generated.
2025-03-09 23:17:11.139180: Generating module: sunflower_connection_bolt_localhost_7687graph.py
2025-03-09 23:17:11.140264: Old module found; deleting.
2025-03-09 23:17:11.141265: Writing boilerplate to top of file.
2025-03-09 23:17:13.195239: Appending imports to module
2025-03-09 23:17:13.210953: sunflower_connection_bolt_localhost_7687graph.py successfully generated.
2025-03-10 00:08:01.260270: Generating module: sunflower_connection_bolt_localhost_7687graph.py
2025-03-10 00:08:01.260270: Old module found; deleting.
2025-03-10 00:08:01.260270: Writing boilerplate to top of file.
2025-03-10 00:08:03.323672: Appending imports to module
2025-03-10 00:08:03.372304: sunflower_connection_bolt_localhost_7687graph.py successfully generated.
2025-03-10 00:12:28.798890: Generating module: sunflower_connection_bolt_localhost_7687graph.py
2025-03-10 00:12:28.801895: Old module found; deleting.
2025-03-10 00:12:28.806980: Writing boilerplate to top of file.
2025-03-10 00:12:30.879031: Appending imports to module
2025-03-10 00:12:30.934306: sunflower_connection_bolt_localhost_7687graph.py successfully generated.
2025-03-10 00:13:23.124492: Generating module: sunflower_connection_bolt_localhost_7687graph.py
2025-03-10 00:13:23.127493: Old module found; deleting.
2025-03-10 00:13:23.131971: Writing boilerplate to top of file.
2025-03-10 00:13:25.180247: Appending imports to module
2025-03-10 00:13:25.210229: sunflower_connection_bolt_localhost_7687graph.py successfully generated.
2025-03-10 00:15:55.136428: Generating module: sunflower_connection_bolt_localhost_7687graph.py
2025-03-10 00:15:55.137009: Old module found; deleting.
2025-03-10 00:15:55.138096: Writing boilerplate to top of file.
2025-03-10 00:15:57.196296: Appending imports to module
2025-03-10 00:15:57.228942: sunflower_connection_bolt_localhost_7687graph.py successfully generated.
2025-03-10 10:28:52.398372: Generating module: sunflower_connection_bolt_localhost_7687graph.py
2025-03-10 10:28:52.400392: Old module found; deleting.
2025-03-10 10:28:52.401636: Writing boilerplate to top of file.
2025-03-10 10:28:54.512063: Appending imports to module
2025-03-10 10:28:54.537245: sunflower_connection_bolt_localhost_7687graph.py successfully generated.
2025-03-10 23:30:25.729749: Collecting metadata from Neo4j database
2025-03-11 13:17:43.332854: Collecting metadata from Neo4j database
2025-03-11 13:19:13.783150: Collecting metadata from Neo4j database
