2025-03-06 02:49:58.187159: Collecting metadata from Neo4j database
2025-03-06 02:49:58.866246: Generating module: ./output/mygraphgraph.py
2025-03-06 02:49:58.866580: Writing boilerplate to top of file.
2025-03-06 02:49:58.883289: Adding imports
2025-03-06 02:49:58.883384: Adding connection details
2025-03-06 02:49:58.883458: Copying utility functions
2025-03-06 02:49:58.887007: Adding Queries class
2025-03-06 02:49:58.889889: Adding metadata
2025-03-06 02:49:58.890277: Generating node interface class
2025-03-06 02:49:58.890642: Generating edge interface class
2025-03-06 02:49:58.890831: Creating main interface
2025-03-06 02:49:58.890940: ./output/mygraphgraph.py successfully generated.
2025-03-06 02:50:46.131707: Collecting metadata from Neo4j database
2025-03-06 02:50:46.244737: Generating module: ./output/newgraph.py
2025-03-06 02:50:46.244859: Writing boilerplate to top of file.
2025-03-06 02:50:46.249927: Adding imports
2025-03-06 02:50:46.250023: Adding connection details
2025-03-06 02:50:46.250105: Copying utility functions
2025-03-06 02:50:46.253812: Adding Queries class
2025-03-06 02:50:46.257106: Adding metadata
2025-03-06 02:50:46.257576: Generating node interface class
2025-03-06 02:50:46.257976: Generating edge interface class
2025-03-06 02:50:46.258190: Creating main interface
2025-03-06 02:50:46.258311: ./output/newgraph.py successfully generated.
2025-03-06 02:53:21.905125: Collecting metadata from Neo4j database
2025-03-06 02:53:22.024073: Generating module: newgraph.py
2025-03-06 02:53:22.024251: Writing boilerplate to top of file.
2025-03-06 02:53:22.029543: Adding imports
2025-03-06 02:53:22.029634: Adding connection details
2025-03-06 02:53:22.029706: Copying utility functions
2025-03-06 02:53:22.032715: Adding Queries class
2025-03-06 02:53:22.035526: Adding metadata
2025-03-06 02:53:22.035902: Generating node interface class
2025-03-06 02:53:22.036261: Generating edge interface class
2025-03-06 02:53:22.036420: Creating main interface
2025-03-06 02:53:22.036516: newgraph.py successfully generated.
2025-03-06 02:55:09.073175: Collecting metadata from Neo4j database
2025-03-06 02:55:09.187619: Generating module: newgraph.py
2025-03-06 02:55:09.187762: Writing boilerplate to top of file.
2025-03-06 02:55:09.192812: Adding imports
2025-03-06 02:55:09.192903: Adding connection details
2025-03-06 02:55:09.192982: Copying utility functions
2025-03-06 02:55:09.196753: Adding Queries class
2025-03-06 02:55:09.200076: Adding metadata
2025-03-06 02:55:09.200541: Generating node interface class
2025-03-06 02:55:09.200930: Generating edge interface class
2025-03-06 02:55:09.201124: Creating main interface
2025-03-06 02:55:09.201246: newgraph.py successfully generated.
